TN:
SF:src\router.ts
FN:22,(anonymous_0)
FN:34,(anonymous_1)
FNF:2
FNH:2
FNDA:4,(anonymous_0)
FNDA:5,(anonymous_1)
DA:1,2
DA:2,2
DA:3,2
DA:4,2
DA:6,2
DA:9,2
DA:10,2
DA:15,2
DA:22,4
DA:27,2
DA:34,5
DA:42,2
DA:48,2
DA:54,2
LF:14
LH:14
BRF:0
BRH:0
end_of_record
TN:
SF:src\server.ts
FN:7,connectDB
FN:27,(anonymous_2)
FNF:2
FNH:2
FNDA:3,connectDB
FNDA:1,(anonymous_2)
DA:1,2
DA:2,2
DA:3,2
DA:4,2
DA:7,2
DA:8,3
DA:9,3
DA:10,2
DA:14,1
DA:17,2
DA:20,2
DA:23,2
DA:25,2
DA:27,2
DA:28,1
DA:31,2
LF:16
LH:16
BRF:0
BRH:0
end_of_record
TN:
SF:src\config\db.ts
FNF:0
FNH:0
DA:1,2
DA:2,2
DA:3,2
DA:6,2
DA:12,2
LF:5
LH:5
BRF:0
BRH:0
end_of_record
TN:
SF:src\handlers\product.ts
FN:4,(anonymous_1)
FN:10,(anonymous_2)
FN:21,(anonymous_3)
FN:26,(anonymous_4)
FN:41,(anonymous_5)
FN:55,(anonymous_6)
FNF:6
FNH:6
FNDA:2,(anonymous_1)
FNDA:2,(anonymous_2)
FNDA:1,(anonymous_3)
FNDA:2,(anonymous_4)
FNDA:2,(anonymous_5)
FNDA:2,(anonymous_6)
DA:2,2
DA:4,2
DA:5,2
DA:7,2
DA:10,2
DA:11,2
DA:12,2
DA:14,2
DA:15,1
DA:18,1
DA:21,2
DA:22,1
DA:23,1
DA:26,2
DA:27,2
DA:28,2
DA:30,2
DA:31,1
DA:35,1
DA:36,1
DA:38,1
DA:41,2
DA:42,2
DA:43,2
DA:45,2
DA:46,1
DA:50,1
DA:51,1
DA:52,1
DA:55,2
DA:56,2
DA:57,2
DA:59,2
DA:60,1
DA:63,1
DA:64,1
LF:36
LH:36
BRDA:14,0,0,1
BRDA:30,1,0,1
BRDA:45,2,0,1
BRDA:59,3,0,1
BRF:4
BRH:4
end_of_record
TN:
SF:src\middleware\index.ts
FN:4,(anonymous_0)
FNF:1
FNH:1
FNDA:19,(anonymous_0)
DA:2,2
DA:4,2
DA:5,19
DA:6,19
DA:7,8
DA:9,11
LF:6
LH:6
BRDA:6,0,0,8
BRF:1
BRH:1
end_of_record
TN:
SF:src\models\Product.model.ts
FNF:0
FNH:0
DA:1,3
DA:5,3
DA:7,3
DA:10,3
DA:14,3
DA:17,3
LF:6
LH:6
BRF:0
BRH:0
end_of_record
